2001.05.06 15:22 B C:\Steveweb\Gameboy\Gbmain.htm --> homepages.demon.co.uk /vol1/demon.co.uk/s/e/m/semis Gbmain.htm
2001.05.06 16:55 B C:\Steveweb\Gameboy\Gbmain.htm --> homepages.demon.co.uk /vol1/demon.co.uk/s/e/m/semis/Gameboy Gbmain.htm
2001.05.06 16:55 B C:\Steveweb\Gameboy\Gbmain.htm --> homepages.demon.co.uk /vol1/demon.co.uk/s/e/m/semis/Gameboy Gbmain.htm
2001.05.06 16:56 B C:\Steveweb\Gameboy\Gbmain.htm --> homepages.demon.co.uk /vol1/demon.co.uk/s/e/m/semis/Gameboy Gbmain.htm
2001.05.06 16:57 B C:\Steveweb\Gameboy\Gbmain.htm --> homepages.demon.co.uk /vol1/demon.co.uk/s/e/m/semis/Gameboy Gbmain.htm
2001.09.23 23:45 B C:\Steveweb\Gameboy\Gbmain.htm --> homepages.demon.co.uk /vol1/demon.co.uk/s/e/m/semis/Gameboy Gbmain.htm
2007.12.28 00:13 B C:\Steveweb\Gameboy\bm1.gif --> homepages.demon.co.uk /docroot/Gameboy bm1.gif
2007.12.28 00:13 B C:\Steveweb\Gameboy\dso1.jpg --> homepages.demon.co.uk /docroot/Gameboy dso1.jpg
2007.12.28 00:13 B C:\Steveweb\Gameboy\favicon.ico --> homepages.demon.co.uk /docroot/Gameboy favicon.ico
2007.12.28 00:13 B C:\Steveweb\Gameboy\GB16m.JPG --> homepages.demon.co.uk /docroot/Gameboy GB16m.JPG
2007.12.28 00:13 B C:\Steveweb\Gameboy\gbdslcd.jpg --> homepages.demon.co.uk /docroot/Gameboy gbdslcd.jpg
2007.12.28 00:13 B C:\Steveweb\Gameboy\gbdslcd2.jpg --> homepages.demon.co.uk /docroot/Gameboy gbdslcd2.jpg
2007.12.28 00:14 B C:\Steveweb\Gameboy\gbdsmain.jpg --> homepages.demon.co.uk /docroot/Gameboy gbdsmain.jpg
2007.12.28 00:14 B C:\Steveweb\Gameboy\gbdsopcb.jpg --> homepages.demon.co.uk /docroot/Gameboy gbdsopcb.jpg
2007.12.28 00:14 B C:\Steveweb\Gameboy\gbdsset.jpg --> homepages.demon.co.uk /docroot/Gameboy gbdsset.jpg
2007.12.28 00:14 B C:\Steveweb\Gameboy\gbgpi.jpg --> homepages.demon.co.uk /docroot/Gameboy gbgpi.jpg
2007.12.28 00:14 B C:\Steveweb\Gameboy\Gbguts.gif --> homepages.demon.co.uk /docroot/Gameboy Gbguts.gif
2007.12.28 00:14 B C:\Steveweb\Gameboy\Gblcd.gif --> homepages.demon.co.uk /docroot/Gameboy Gblcd.gif
2007.12.28 00:14 B C:\Steveweb\Gameboy\Gbmain.gif --> homepages.demon.co.uk /docroot/Gameboy Gbmain.gif
2007.12.28 00:14 B C:\Steveweb\Gameboy\Gbmain.htm --> homepages.demon.co.uk /docroot/Gameboy Gbmain.htm
2007.12.28 00:14 B C:\Steveweb\Gameboy\Gbpins.gif --> homepages.demon.co.uk /docroot/Gameboy Gbpins.gif
2007.12.28 00:14 B C:\Steveweb\Gameboy\Gbspec.txt --> homepages.demon.co.uk /docroot/Gameboy Gbspec.txt
2007.12.28 00:14 B C:\Steveweb\Gameboy\homebutton.jpg --> homepages.demon.co.uk /docroot/Gameboy homebutton.jpg
2007.12.28 00:14 B C:\Steveweb\Gameboy\iceblue.jpg --> homepages.demon.co.uk /docroot/Gameboy iceblue.jpg
2007.12.28 00:14 B C:\Steveweb\Gameboy\lemming.gif --> homepages.demon.co.uk /docroot/Gameboy lemming.gif
2007.12.28 00:14 B C:\Steveweb\Gameboy\Mbc1.gif --> homepages.demon.co.uk /docroot/Gameboy Mbc1.gif
2007.12.28 00:14 B C:\Steveweb\Gameboy\Mbc1ro.gif --> homepages.demon.co.uk /docroot/Gameboy Mbc1ro.gif
2007.12.28 00:14 B C:\Steveweb\Gameboy\mbc5.bmp --> homepages.demon.co.uk /docroot/Gameboy mbc5.bmp
2007.12.28 00:14 B C:\Steveweb\Gameboy\new4.gif --> homepages.demon.co.uk /docroot/Gameboy new4.gif
2007.12.28 00:14 B C:\Steveweb\Gameboy\newhc138.bmp --> homepages.demon.co.uk /docroot/Gameboy newhc138.bmp
2007.12.28 00:14 B C:\Steveweb\Gameboy\newpin2.htm --> homepages.demon.co.uk /docroot/Gameboy newpin2.htm
2007.12.28 00:14 B C:\Steveweb\Gameboy\Pin2.bmp --> homepages.demon.co.uk /docroot/Gameboy Pin2.bmp
2007.12.28 00:14 B C:\Steveweb\Gameboy\Pin2.JPG --> homepages.demon.co.uk /docroot/Gameboy Pin2.JPG
2007.12.28 00:14 B C:\Steveweb\Gameboy\Powerand.gif --> homepages.demon.co.uk /docroot/Gameboy Powerand.gif
2007.12.28 00:14 B C:\Steveweb\Gameboy\roadkil2.gif --> homepages.demon.co.uk /docroot/Gameboy roadkil2.gif
2007.12.28 00:14 B C:\Steveweb\Gameboy\robots.txt --> homepages.demon.co.uk /docroot/Gameboy robots.txt
2007.12.28 00:14 B C:\Steveweb\Gameboy\schip1.jpg --> homepages.demon.co.uk /docroot/Gameboy schip1.jpg
2007.12.28 00:14 B C:\Steveweb\Gameboy\sky.jpg --> homepages.demon.co.uk /docroot/Gameboy sky.jpg
2007.12.28 00:14 B C:\Steveweb\Gameboy\th_up.gif --> homepages.demon.co.uk /docroot/Gameboy th_up.gif
2007.12.28 00:14 B C:\Steveweb\Gameboy\TITLE.GIF --> homepages.demon.co.uk /docroot/Gameboy TITLE.GIF
