2000.10.06 13:43 B D:\Steve\Pics\asm23000.zip <-- DemonSemis /u/demon.co.uk/s/e/m/semis/Pics asm23000.zip
2000.10.06 13:43 B D:\Steve\Pics\bombline.gif <-- DemonSemis /u/demon.co.uk/s/e/m/semis/Pics bombline.gif
2000.10.06 13:43 B D:\Steve\Pics\book08.gif <-- DemonSemis /u/demon.co.uk/s/e/m/semis/Pics book08.gif
2000.10.06 13:43 B D:\Steve\Pics\chip02.gif <-- DemonSemis /u/demon.co.uk/s/e/m/semis/Pics chip02.gif
2000.10.06 13:43 B D:\Steve\Pics\diskett2.gif <-- DemonSemis /u/demon.co.uk/s/e/m/semis/Pics diskett2.gif
2000.10.06 13:43 B D:\Steve\Pics\Faq.txt <-- DemonSemis /u/demon.co.uk/s/e/m/semis/Pics Faq.txt
2000.10.06 13:43 B D:\Steve\Pics\head_0.gif <-- DemonSemis /u/demon.co.uk/s/e/m/semis/Pics head_0.gif
2000.10.06 13:43 B D:\Steve\Pics\homebutton.jpg <-- DemonSemis /u/demon.co.uk/s/e/m/semis/Pics homebutton.jpg
2000.10.06 13:43 B D:\Steve\Pics\new.gif <-- DemonSemis /u/demon.co.uk/s/e/m/semis/Pics new.gif
2000.10.06 13:43 B D:\Steve\Pics\news02.gif <-- DemonSemis /u/demon.co.uk/s/e/m/semis/Pics news02.gif
2000.10.06 13:43 B D:\Steve\Pics\pfe101i.zip <-- DemonSemis /u/demon.co.uk/s/e/m/semis/Pics pfe101i.zip
2000.10.06 13:43 B D:\Steve\Pics\pfeasm.jpg <-- DemonSemis /u/demon.co.uk/s/e/m/semis/Pics pfeasm.jpg
2000.10.06 13:43 B D:\Steve\Pics\pfeprog.jpg <-- DemonSemis /u/demon.co.uk/s/e/m/semis/Pics pfeprog.jpg
2000.10.06 13:43 B D:\Steve\Pics\picbox.jpg <-- DemonSemis /u/demon.co.uk/s/e/m/semis/Pics picbox.jpg
2000.10.06 13:43 B D:\Steve\Pics\PICDialog.jpg <-- DemonSemis /u/demon.co.uk/s/e/m/semis/Pics PICDialog.jpg
2000.10.06 13:44 B D:\Steve\Pics\PICDialog.zip <-- DemonSemis /u/demon.co.uk/s/e/m/semis/Pics PICDialog.zip
2000.10.06 13:44 B D:\Steve\Pics\PICmain.htm <-- DemonSemis /u/demon.co.uk/s/e/m/semis/Pics PICmain.htm
2000.10.06 13:44 B D:\Steve\Pics\picpcb.jpg <-- DemonSemis /u/demon.co.uk/s/e/m/semis/Pics picpcb.jpg
2000.10.06 13:44 B D:\Steve\Pics\Pp875.zip <-- DemonSemis /u/demon.co.uk/s/e/m/semis/Pics Pp875.zip
2000.10.06 13:44 B D:\Steve\Pics\pp875pcb.bmp <-- DemonSemis /u/demon.co.uk/s/e/m/semis/Pics pp875pcb.bmp
2000.10.06 13:44 B D:\Steve\Pics\roadkil2.gif <-- DemonSemis /u/demon.co.uk/s/e/m/semis/Pics roadkil2.gif
2000.10.06 13:44 B D:\Steve\Pics\sky.jpg <-- DemonSemis /u/demon.co.uk/s/e/m/semis/Pics sky.jpg
2000.10.17 11:11 B D:\Steve\Pics\icprog.zip --> homepages.demon.co.uk /u/demon.co.uk/s/e/m/semis/Pics icprog.zip
2000.10.17 11:11 B D:\Steve\Pics\icproghw.jpg --> homepages.demon.co.uk /u/demon.co.uk/s/e/m/semis/Pics icproghw.jpg
2000.10.17 11:11 B D:\Steve\Pics\PICmain.htm --> homepages.demon.co.uk /u/demon.co.uk/s/e/m/semis/Pics PICmain.htm
2000.11.09 13:49 B D:\Steve\Pics\PICmain.htm --> homepages.demon.co.uk /u/demon.co.uk/s/e/m/semis/Pics PICmain.htm
2000.11.09 13:49 B D:\Steve\Pics\icprog102.zip --> homepages.demon.co.uk /u/demon.co.uk/s/e/m/semis/Pics icprog102.zip
2000.11.09 13:50 B D:\Steve\Pics\pp875mod.bmp --> homepages.demon.co.uk /u/demon.co.uk/s/e/m/semis/Pics pp875mod.bmp
2000.11.09 13:53 B D:\Steve\Pics\PICmain.htm --> homepages.demon.co.uk /u/demon.co.uk/s/e/m/semis PICmain.htm
2000.11.09 13:54 B D:\Steve\Pics\PICmain.htm --> homepages.demon.co.uk /u/demon.co.uk/s/e/m/semis/Pics PICmain.htm
2000.11.09 13:58 B D:\Steve\Pics\PICmain.htm --> homepages.demon.co.uk /u/demon.co.uk/s/e/m/semis/Pics PICmain.htm
2000.11.09 13:59 B D:\Steve\Pics\PICmain.htm --> homepages.demon.co.uk /u/demon.co.uk/s/e/m/semis/Pics PICmain.htm
2001.03.31 22:08 B C:\Steveweb\Pics\pp875\bombline.gif --> homepages.demon.co.uk /u/demon.co.uk/s/e/m/semis/Pics/pp875 bombline.gif
2001.03.31 22:08 B C:\Steveweb\Pics\pp875\book08.gif --> homepages.demon.co.uk /u/demon.co.uk/s/e/m/semis/Pics/pp875 book08.gif
2001.03.31 22:08 B C:\Steveweb\Pics\pp875\chip02.gif --> homepages.demon.co.uk /u/demon.co.uk/s/e/m/semis/Pics/pp875 chip02.gif
2001.03.31 22:08 B C:\Steveweb\Pics\pp875\diskett2.gif --> homepages.demon.co.uk /u/demon.co.uk/s/e/m/semis/Pics/pp875 diskett2.gif
2001.03.31 22:08 B C:\Steveweb\Pics\pp875\Faq.txt --> homepages.demon.co.uk /u/demon.co.uk/s/e/m/semis/Pics/pp875 Faq.txt
2001.03.31 22:08 B C:\Steveweb\Pics\pp875\head_0.gif --> homepages.demon.co.uk /u/demon.co.uk/s/e/m/semis/Pics/pp875 head_0.gif
2001.03.31 22:08 B C:\Steveweb\Pics\pp875\homebutton.jpg --> homepages.demon.co.uk /u/demon.co.uk/s/e/m/semis/Pics/pp875 homebutton.jpg
2001.03.31 22:08 B C:\Steveweb\Pics\pp875\icproghw.jpg --> homepages.demon.co.uk /u/demon.co.uk/s/e/m/semis/Pics/pp875 icproghw.jpg
2001.03.31 22:08 B C:\Steveweb\Pics\pp875\new.gif --> homepages.demon.co.uk /u/demon.co.uk/s/e/m/semis/Pics/pp875 new.gif
2001.03.31 22:08 B C:\Steveweb\Pics\pp875\news02.gif --> homepages.demon.co.uk /u/demon.co.uk/s/e/m/semis/Pics/pp875 news02.gif
2001.03.31 22:09 B C:\Steveweb\Pics\pp875\pfeasm.jpg --> homepages.demon.co.uk /u/demon.co.uk/s/e/m/semis/Pics/pp875 pfeasm.jpg
2001.03.31 22:09 B C:\Steveweb\Pics\pp875\pfeprog.jpg --> homepages.demon.co.uk /u/demon.co.uk/s/e/m/semis/Pics/pp875 pfeprog.jpg
2001.03.31 22:09 B C:\Steveweb\Pics\pp875\picbox.jpg --> homepages.demon.co.uk /u/demon.co.uk/s/e/m/semis/Pics/pp875 picbox.jpg
2001.03.31 22:09 B C:\Steveweb\Pics\pp875\PICDialog.jpg --> homepages.demon.co.uk /u/demon.co.uk/s/e/m/semis/Pics/pp875 PICDialog.jpg
2001.03.31 22:11 B C:\Steveweb\Pics\pp875\PICDialog.zip --> homepages.demon.co.uk /u/demon.co.uk/s/e/m/semis/Pics/pp875 PICDialog.zip
2001.03.31 22:11 B C:\Steveweb\Pics\pp875\picpcb.jpg --> homepages.demon.co.uk /u/demon.co.uk/s/e/m/semis/Pics/pp875 picpcb.jpg
2001.03.31 22:12 B C:\Steveweb\Pics\pp875\Pp875.zip --> homepages.demon.co.uk /u/demon.co.uk/s/e/m/semis/Pics/pp875 Pp875.zip
2001.03.31 22:12 B C:\Steveweb\Pics\pp875\PP875main.htm --> homepages.demon.co.uk /u/demon.co.uk/s/e/m/semis/Pics/pp875 PP875main.htm
2001.03.31 22:12 B C:\Steveweb\Pics\pp875\pp875mod.bmp --> homepages.demon.co.uk /u/demon.co.uk/s/e/m/semis/Pics/pp875 pp875mod.bmp
2001.03.31 22:12 B C:\Steveweb\Pics\pp875\pp875pcb.bmp --> homepages.demon.co.uk /u/demon.co.uk/s/e/m/semis/Pics/pp875 pp875pcb.bmp
2001.03.31 22:12 B C:\Steveweb\Pics\pp875\roadkil2.gif --> homepages.demon.co.uk /u/demon.co.uk/s/e/m/semis/Pics/pp875 roadkil2.gif
2001.03.31 22:12 B C:\Steveweb\Pics\pp875\sky.jpg --> homepages.demon.co.uk /u/demon.co.uk/s/e/m/semis/Pics/pp875 sky.jpg
2001.03.31 22:12 B C:\Steveweb\Pics\pp875\WS_FTP.LOG --> homepages.demon.co.uk /u/demon.co.uk/s/e/m/semis/Pics/pp875 WS_FTP.LOG
2001.03.31 22:26 B C:\Steveweb\Pics\pp875\PP875main.htm --> homepages.demon.co.uk /u/demon.co.uk/s/e/m/semis/Pics/pp875 PP875main.htm
2001.03.31 22:57 B C:\Steveweb\Pics\pp875\PP875main.htm --> homepages.demon.co.uk /u/demon.co.uk/s/e/m/semis/Pics/pp875 PP875main.htm
2001.05.06 15:00 B C:\Steveweb\Pics\pp875\bombline.gif --> homepages.demon.co.uk /vol1/demon.co.uk/s/e/m/semis/Pics/pp875 bombline.gif
2001.05.06 15:00 B C:\Steveweb\Pics\pp875\book08.gif --> homepages.demon.co.uk /vol1/demon.co.uk/s/e/m/semis/Pics/pp875 book08.gif
2001.05.06 15:00 B C:\Steveweb\Pics\pp875\chip02.gif --> homepages.demon.co.uk /vol1/demon.co.uk/s/e/m/semis/Pics/pp875 chip02.gif
2001.05.06 15:00 B C:\Steveweb\Pics\pp875\diskett2.gif --> homepages.demon.co.uk /vol1/demon.co.uk/s/e/m/semis/Pics/pp875 diskett2.gif
2001.05.06 15:00 B C:\Steveweb\Pics\pp875\Faq.txt --> homepages.demon.co.uk /vol1/demon.co.uk/s/e/m/semis/Pics/pp875 Faq.txt
2001.05.06 15:00 B C:\Steveweb\Pics\pp875\head_0.gif --> homepages.demon.co.uk /vol1/demon.co.uk/s/e/m/semis/Pics/pp875 head_0.gif
2001.05.06 15:00 B C:\Steveweb\Pics\pp875\homebutton.jpg --> homepages.demon.co.uk /vol1/demon.co.uk/s/e/m/semis/Pics/pp875 homebutton.jpg
2001.05.06 15:00 B C:\Steveweb\Pics\pp875\icproghw.jpg --> homepages.demon.co.uk /vol1/demon.co.uk/s/e/m/semis/Pics/pp875 icproghw.jpg
2001.05.06 15:00 B C:\Steveweb\Pics\pp875\new.gif --> homepages.demon.co.uk /vol1/demon.co.uk/s/e/m/semis/Pics/pp875 new.gif
2001.05.06 15:00 B C:\Steveweb\Pics\pp875\news02.gif --> homepages.demon.co.uk /vol1/demon.co.uk/s/e/m/semis/Pics/pp875 news02.gif
2001.05.06 15:00 B C:\Steveweb\Pics\pp875\pfeasm.jpg --> homepages.demon.co.uk /vol1/demon.co.uk/s/e/m/semis/Pics/pp875 pfeasm.jpg
2001.05.06 15:01 B C:\Steveweb\Pics\pp875\pfeprog.jpg --> homepages.demon.co.uk /vol1/demon.co.uk/s/e/m/semis/Pics/pp875 pfeprog.jpg
2001.05.06 15:01 B C:\Steveweb\Pics\pp875\picbox.jpg --> homepages.demon.co.uk /vol1/demon.co.uk/s/e/m/semis/Pics/pp875 picbox.jpg
2001.05.06 15:01 B C:\Steveweb\Pics\pp875\PICDialog.jpg --> homepages.demon.co.uk /vol1/demon.co.uk/s/e/m/semis/Pics/pp875 PICDialog.jpg
2001.05.06 15:01 B C:\Steveweb\Pics\pp875\picpcb.jpg --> homepages.demon.co.uk /vol1/demon.co.uk/s/e/m/semis/Pics/pp875 picpcb.jpg
2001.05.06 15:02 B C:\Steveweb\Pics\pp875\PP875.ZIP --> homepages.demon.co.uk /vol1/demon.co.uk/s/e/m/semis/Pics/pp875 PP875.ZIP
2001.05.06 15:02 B C:\Steveweb\Pics\pp875\PP875main.htm --> homepages.demon.co.uk /vol1/demon.co.uk/s/e/m/semis/Pics/pp875 PP875main.htm
2001.05.06 15:02 B C:\Steveweb\Pics\pp875\pp875mod.bmp --> homepages.demon.co.uk /vol1/demon.co.uk/s/e/m/semis/Pics/pp875 pp875mod.bmp
2001.05.06 15:02 B C:\Steveweb\Pics\pp875\pp875pcb.bmp --> homepages.demon.co.uk /vol1/demon.co.uk/s/e/m/semis/Pics/pp875 pp875pcb.bmp
2001.05.06 15:02 B C:\Steveweb\Pics\pp875\roadkil2.gif --> homepages.demon.co.uk /vol1/demon.co.uk/s/e/m/semis/Pics/pp875 roadkil2.gif
2001.05.06 15:02 B C:\Steveweb\Pics\pp875\sky.jpg --> homepages.demon.co.uk /vol1/demon.co.uk/s/e/m/semis/Pics/pp875 sky.jpg
